<?xml version="1.0" encoding="UTF-8"?>
<testsuite name="StateCensusTest" tests="1" skipped="0" failures="0" errors="0" timestamp="2019-12-03T13:39:46" hostname="admin142-desktop" time="0.099">
  <properties/>
  <testcase name="storeCSVFileIntoJSON" classname="StateCensusTest" time="0.099"/>
  <system-out><![CDATA[]]></system-out>
  <system-err><![CDATA[]]></system-err>
</testsuite>
