<?xml version="1.0" encoding="UTF-8"?>
<testsuite name="StateCensusTest" tests="1" skipped="0" failures="0" errors="0" timestamp="2019-12-04T06:08:52" hostname="admin142-desktop" time="0.08">
  <properties/>
  <testcase name="givenMessage_JasonFile_ForArea_ShoulsReturnsortedbyStateArea" classname="StateCensusTest" time="0.08"/>
  <system-out><![CDATA[Cannot Map CSV Header Or issue With Delimiter...
]]></system-out>
  <system-err><![CDATA[]]></system-err>
</testsuite>
