<?xml version="1.0" encoding="UTF-8"?>
<testsuite name="StateCensusTest" tests="1" skipped="0" failures="0" errors="0" timestamp="2019-12-02T10:30:00" hostname="admin142-desktop" time="0.084">
  <properties/>
  <testcase name="when_ReadstateCensusCSV_File_Count_Records_Should_Return_True" classname="StateCensusTest" time="0.084"/>
  <system-out><![CDATA[No of Records in StateCSV: 29
]]></system-out>
  <system-err><![CDATA[]]></system-err>
</testsuite>
