<?xml version="1.0" encoding="UTF-8"?>
<testsuite name="StateCensusTest" tests="1" skipped="0" failures="0" errors="0" timestamp="2019-12-05T04:37:04" hostname="admin142-desktop" time="0.16">
  <properties/>
  <testcase name="givenMessage_JasonFile_ForArea_ShoulsReturnsortedbyStateArea" classname="StateCensusTest" time="0.16"/>
  <system-out><![CDATA[Rajasthan
Madhya Pradesh
Maharashta
Uttar Pradesh
Jammu and Kashmir
Gujarat
Karnataka
Andhra Pradesh
Odisha
Chattisgarh
Tamil Nadu
Telangana
Bihar
West Bengal
Jharkhand
Assam
Himachal Pradesh
Uttarakhand
Punjab
Haryana
Kerala
Meghalaya
Manipur
Mizoram
Nagaland
Tripura
Sikkim
Goa
Arunachal Pradesh
]]></system-out>
  <system-err><![CDATA[]]></system-err>
</testsuite>
