<?xml version="1.0" encoding="UTF-8"?>
<testsuite name="StateCensusTest" tests="1" skipped="0" failures="0" errors="0" timestamp="2019-12-02T08:44:38" hostname="admin142-desktop" time="0.086">
  <properties/>
  <testcase name="when_ReadstateCensusCSV_File_Count_Records_Should_Return_True" classname="StateCensusTest" time="0.086"/>
  <system-out><![CDATA[ count : 0
 count : 1
 count : 2
 count : 3
 count : 4
 count : 5
 count : 6
 count : 7
 count : 8
 count : 9
 count : 10
 count : 11
 count : 12
 count : 13
 count : 14
 count : 15
 count : 16
 count : 17
 count : 18
 count : 19
 count : 20
 count : 21
 count : 22
 count : 23
 count : 24
 count : 25
 count : 26
 count : 27
 count : 28
No of Records in StateCSV: 29
 count : 0
 count : 1
 count : 2
 count : 3
 count : 4
 count : 5
 count : 6
 count : 7
 count : 8
 count : 9
 count : 10
 count : 11
 count : 12
 count : 13
 count : 14
 count : 15
 count : 16
 count : 17
 count : 18
 count : 19
 count : 20
 count : 21
 count : 22
 count : 23
 count : 24
 count : 25
 count : 26
 count : 27
 count : 28
]]></system-out>
  <system-err><![CDATA[]]></system-err>
</testsuite>
