<?xml version="1.0" encoding="UTF-8"?>
<testsuite name="StateCensusTest" tests="1" skipped="0" failures="0" errors="0" timestamp="2019-12-04T13:31:05" hostname="admin142-desktop" time="0.109">
  <properties/>
  <testcase name="givenMessage_JasonFile_ForStateName_ShouldReturnAlphabeticOrder" classname="StateCensusTest" time="0.109"/>
  <system-out><![CDATA[West Bengal
Uttarakhand
Uttar Pradesh
Tripura
Telangana
Tamil Nadu
Sikkim
Rajasthan
Punjab
Odisha
Nagaland
Mizoram
Meghalaya
Manipur
Maharashta
Madhya Pradesh
Kerala
Karnataka
Jharkhand
Jammu and Kashmir
Himachal Pradesh
Haryana
Gujarat
Goa
Chattisgarh
Bihar
Assam
Arunachal Pradesh
Andhra Pradesh
]]></system-out>
  <system-err><![CDATA[]]></system-err>
</testsuite>
