<?xml version="1.0" encoding="UTF-8"?>
<testsuite name="StateCensusTest" tests="1" skipped="0" failures="0" errors="0" timestamp="2019-11-30T11:47:35" hostname="admin142-desktop" time="0.053">
  <properties/>
  <testcase name="givenTheState_CSVFileWhencorrect_ButDelimiterIncorrect_ReturnsCustomException" classname="StateCensusTest" time="0.053"/>
  <system-out><![CDATA[]]></system-out>
  <system-err><![CDATA[]]></system-err>
</testsuite>
