<?xml version="1.0" encoding="UTF-8"?>
<testsuite name="StateCensusTest" tests="1" skipped="0" failures="0" errors="0" timestamp="2019-11-29T12:45:37" hostname="admin142-desktop" time="0.066">
  <properties/>
  <testcase name="toCheckNumberOfRecords" classname="StateCensusTest" time="0.066"/>
  <system-out><![CDATA[]]></system-out>
  <system-err><![CDATA[]]></system-err>
</testsuite>
