<?xml version="1.0" encoding="UTF-8"?>
<testsuite name="StateCensusTest" tests="1" skipped="0" failures="0" errors="0" timestamp="2019-12-02T10:40:34" hostname="admin142-desktop" time="0.103">
  <properties/>
  <testcase name="givenTheStateCensusCSVFile_CorrectCsvHeader_Incorrect_ReturnCustomException" classname="StateCensusTest" time="0.103"/>
  <system-out><![CDATA[]]></system-out>
  <system-err><![CDATA[]]></system-err>
</testsuite>
